<?xml version="1.0" encoding="utf-8"?><testsuites name="pytest tests"><testsuite name="pytest" errors="0" failures="0" skipped="0" tests="5" time="1.238" timestamp="2026-04-25T19:42:09.239292+00:00" hostname="agent-env-49ae0134-1fef-40d4-a9e0-4ec1e4d22e51"><testcase classname="backend.tests.test_settings" name="test_settings_get_public_ok" time="0.163" /><testcase classname="backend.tests.test_settings" name="test_settings_put_requires_auth" time="0.154" /><testcase classname="backend.tests.test_settings" name="test_settings_put_updates_persists" time="0.437" /><testcase classname="backend.tests.test_settings" name="test_settings_put_restore_default" time="0.108" /><testcase classname="backend.tests.test_settings" name="test_owner_image_accessible" time="0.206" /></testsuite></testsuites>