<?xml version="1.0" encoding="utf-8"?><testsuites name="pytest tests"><testsuite name="pytest" errors="0" failures="0" skipped="0" tests="30" time="6.655" timestamp="2026-04-25T16:55:18.065816+00:00" hostname="agent-env-49ae0134-1fef-40d4-a9e0-4ec1e4d22e51"><testcase classname="backend.tests.backend_test.TestHealth" name="test_root" time="0.140" /><testcase classname="backend.tests.backend_test.TestAuth" name="test_login_wrong_password" time="0.121" /><testcase classname="backend.tests.backend_test.TestAuth" name="test_login_missing_fields" time="0.048" /><testcase classname="backend.tests.backend_test.TestAuth" name="test_me_with_token" time="0.165" /><testcase classname="backend.tests.backend_test.TestAuth" name="test_me_without_token" time="0.047" /><testcase classname="backend.tests.backend_test.TestAuth" name="test_me_with_invalid_token" time="0.047" /><testcase classname="backend.tests.backend_test.TestPublicReads" name="test_doctors_list_public" time="0.044" /><testcase classname="backend.tests.backend_test.TestPublicReads" name="test_gallery_list_public" time="0.050" /><testcase classname="backend.tests.backend_test.TestPublicReads" name="test_gallery_filter_category" time="0.044" /><testcase classname="backend.tests.backend_test.TestPublicReads" name="test_gallery_invalid_category_ignored" time="0.045" /><testcase classname="backend.tests.backend_test.TestAdminGuards" name="test_create_doctor_no_token" time="0.047" /><testcase classname="backend.tests.backend_test.TestAdminGuards" name="test_appointments_list_no_token" time="0.044" /><testcase classname="backend.tests.backend_test.TestAdminGuards" name="test_gallery_post_no_token" time="0.048" /><testcase classname="backend.tests.backend_test.TestDoctorsCRUD" name="test_01_create_requires_photo" time="0.045" /><testcase classname="backend.tests.backend_test.TestDoctorsCRUD" name="test_02_create_doctor_with_photo" time="0.719" /><testcase classname="backend.tests.backend_test.TestDoctorsCRUD" name="test_03_update_doctor" time="0.054" /><testcase classname="backend.tests.backend_test.TestDoctorsCRUD" name="test_04_get_one_doctor" time="0.048" /><testcase classname="backend.tests.backend_test.TestDoctorsCRUD" name="test_05_delete_doctor" time="0.706" /><testcase classname="backend.tests.backend_test.TestGalleryCRUD" name="test_01_create_single_image" time="0.615" /><testcase classname="backend.tests.backend_test.TestGalleryCRUD" name="test_02_invalid_category" time="0.554" /><testcase classname="backend.tests.backend_test.TestGalleryCRUD" name="test_03_before_after_requires_both" time="0.977" /><testcase classname="backend.tests.backend_test.TestGalleryCRUD" name="test_04_before_after_create" time="0.558" /><testcase classname="backend.tests.backend_test.TestGalleryCRUD" name="test_05_filter_returns_created" time="0.048" /><testcase classname="backend.tests.backend_test.TestGalleryCRUD" name="test_06_delete_items" time="0.933" /><testcase classname="backend.tests.backend_test.TestAppointments" name="test_01_create_public" time="0.048" /><testcase classname="backend.tests.backend_test.TestAppointments" name="test_02_create_validation" time="0.042" /><testcase classname="backend.tests.backend_test.TestAppointments" name="test_03_list_admin" time="0.046" /><testcase classname="backend.tests.backend_test.TestAppointments" name="test_04_status_update" time="0.047" /><testcase classname="backend.tests.backend_test.TestAppointments" name="test_05_invalid_status" time="0.045" /><testcase classname="backend.tests.backend_test.TestAppointments" name="test_06_delete" time="0.048" /></testsuite></testsuites>